  stdafx.cpp
  CollisionUtilTests.cpp
  ComplexPolygonTestObj.cpp
  FollowAITests.cpp
c:\users\moormaet\documents\github\game\gameengine\unittests\followaitests.cpp(36): warning C4244: 'initializing': conversion from 'float' to 'int', possible loss of data
c:\users\moormaet\documents\github\game\gameengine\unittests\followaitests.cpp(38): warning C4244: 'initializing': conversion from 'float' to 'int', possible loss of data
  GoToOrthogonalPointTest.cpp
  RunAwayAITest.cpp
c:\users\moormaet\documents\github\game\gameengine\unittests\runawayaitest.cpp(22): warning C4244: 'initializing': conversion from 'float' to 'int', possible loss of data
c:\users\moormaet\documents\github\game\gameengine\unittests\runawayaitest.cpp(24): warning C4244: 'initializing': conversion from 'float' to 'int', possible loss of data
c:\users\moormaet\documents\github\game\gameengine\unittests\runawayaitest.cpp(36): warning C4244: 'initializing': conversion from 'float' to 'int', possible loss of data
c:\users\moormaet\documents\github\game\gameengine\unittests\runawayaitest.cpp(38): warning C4244: 'initializing': conversion from 'float' to 'int', possible loss of data
  unittest1.cpp
  Generating Code...
     Creating library C:\Users\moormaet\Documents\GitHub\Game\GameEngine\Debug\UnitTests.lib and object C:\Users\moormaet\Documents\GitHub\Game\GameEngine\Debug\UnitTests.exp
CollisionUtilTests.obj : error LNK2001: unresolved external symbol "public: __thiscall Vector2f::Vector2f(float,float)" (??0Vector2f@@QAE@MM@Z)
unittest1.obj : error LNK2001: unresolved external symbol "public: __thiscall Vector2f::Vector2f(float,float)" (??0Vector2f@@QAE@MM@Z)
ComplexPolygonTestObj.obj : error LNK2001: unresolved external symbol "public: __thiscall Vector2f::Vector2f(float,float)" (??0Vector2f@@QAE@MM@Z)
GoToOrthogonalPointTest.obj : error LNK2001: unresolved external symbol "public: __thiscall Vector2f::Vector2f(float,float)" (??0Vector2f@@QAE@MM@Z)
FollowAITests.obj : error LNK2001: unresolved external symbol "public: __thiscall Vector2f::Vector2f(float,float)" (??0Vector2f@@QAE@MM@Z)
RunAwayAITest.obj : error LNK2001: unresolved external symbol "public: __thiscall Vector2f::Vector2f(float,float)" (??0Vector2f@@QAE@MM@Z)
ComplexPolygonTestObj.obj : error LNK2019: unresolved external symbol "public: __thiscall Vector2f::Vector2f(class Vector2f const &)" (??0Vector2f@@QAE@ABV0@@Z) referenced in function "public: static void __cdecl std::_Default_allocator_traits<class std::allocator<class Vector2f> >::construct<class Vector2f,class Vector2f &>(class std::allocator<class Vector2f> &,class Vector2f * const,class Vector2f &)" (??$construct@VVector2f@@AAV1@@?$_Default_allocator_traits@V?$allocator@VVector2f@@@std@@@std@@SAXAAV?$allocator@VVector2f@@@1@QAVVector2f@@AAV3@@Z)
ComplexPolygonTestObj.obj : error LNK2019: unresolved external symbol "public: float & __thiscall Vector2f::operator[](int)" (??AVector2f@@QAEAAMH@Z) referenced in function "public: __thiscall ComplexPolygonTest::ComplexPolygonTest(class std::initializer_list<class Vector2f>)" (??0ComplexPolygonTest@@QAE@V?$initializer_list@VVector2f@@@std@@@Z)
GoToOrthogonalPointTest.obj : error LNK2001: unresolved external symbol "public: float & __thiscall Vector2f::operator[](int)" (??AVector2f@@QAEAAMH@Z)
unittest1.obj : error LNK2001: unresolved external symbol "public: float & __thiscall Vector2f::operator[](int)" (??AVector2f@@QAEAAMH@Z)
ComplexPolygonTestObj.obj : error LNK2019: unresolved external symbol "public: class Vector2f __thiscall Vector2f::normalize(void)" (?normalize@Vector2f@@QAE?AV1@XZ) referenced in function "public: __thiscall ComplexPolygonTest::ComplexPolygonTest(class std::initializer_list<class Vector2f>)" (??0ComplexPolygonTest@@QAE@V?$initializer_list@VVector2f@@@std@@@Z)
ComplexPolygonTestObj.obj : error LNK2019: unresolved external symbol "public: class Vector2f & __thiscall Vector2f::operator=(class Vector2f &)" (??4Vector2f@@QAEAAV0@AAV0@@Z) referenced in function "class Vector2f * __cdecl std::_Move_backward_unchecked1<class Vector2f *,class Vector2f *>(class Vector2f *,class Vector2f *,class Vector2f *,struct std::_General_ptr_iterator_tag)" (??$_Move_backward_unchecked1@PAVVector2f@@PAV1@@std@@YAPAVVector2f@@PAV1@00U_General_ptr_iterator_tag@0@@Z)
CollisionUtilTests.obj : error LNK2001: unresolved external symbol "public: __thiscall Vector2f::~Vector2f(void)" (??1Vector2f@@QAE@XZ)
unittest1.obj : error LNK2001: unresolved external symbol "public: __thiscall Vector2f::~Vector2f(void)" (??1Vector2f@@QAE@XZ)
ComplexPolygonTestObj.obj : error LNK2001: unresolved external symbol "public: __thiscall Vector2f::~Vector2f(void)" (??1Vector2f@@QAE@XZ)
GoToOrthogonalPointTest.obj : error LNK2001: unresolved external symbol "public: __thiscall Vector2f::~Vector2f(void)" (??1Vector2f@@QAE@XZ)
FollowAITests.obj : error LNK2001: unresolved external symbol "public: __thiscall Vector2f::~Vector2f(void)" (??1Vector2f@@QAE@XZ)
RunAwayAITest.obj : error LNK2001: unresolved external symbol "public: __thiscall Vector2f::~Vector2f(void)" (??1Vector2f@@QAE@XZ)
ComplexPolygonTestObj.obj : error LNK2019: unresolved external symbol "public: __thiscall ComplexPolygon::ComplexPolygon(void)" (??0ComplexPolygon@@QAE@XZ) referenced in function "public: __thiscall ComplexPolygonTest::ComplexPolygonTest(class std::initializer_list<class Vector2f>)" (??0ComplexPolygonTest@@QAE@V?$initializer_list@VVector2f@@@std@@@Z)
ComplexPolygonTestObj.obj : error LNK2019: unresolved external symbol "public: virtual __thiscall ComplexPolygon::~ComplexPolygon(void)" (??1ComplexPolygon@@UAE@XZ) referenced in function __unwindfunclet$??0ComplexPolygonTest@@QAE@V?$initializer_list@VVector2f@@@std@@@Z$0
ComplexPolygonTestObj.obj : error LNK2001: unresolved external symbol "public: virtual bool __thiscall ComplexPolygon::contains(class Vector2f &)" (?contains@ComplexPolygon@@UAE_NAAVVector2f@@@Z)
GoToOrthogonalPointTest.obj : error LNK2019: unresolved external symbol "public: __thiscall GoToOrthogonalPointAI::GoToOrthogonalPointAI(class Vector2f,bool)" (??0GoToOrthogonalPointAI@@QAE@VVector2f@@_N@Z) referenced in function "public: void __thiscall UnitTests::GoToOrthogonalPointAITests::XFirst(void)" (?XFirst@GoToOrthogonalPointAITests@UnitTests@@QAEXXZ)
GoToOrthogonalPointTest.obj : error LNK2019: unresolved external symbol "public: __thiscall GoToOrthogonalPointAI::~GoToOrthogonalPointAI(void)" (??1GoToOrthogonalPointAI@@QAE@XZ) referenced in function "public: void __thiscall UnitTests::GoToOrthogonalPointAITests::XFirst(void)" (?XFirst@GoToOrthogonalPointAITests@UnitTests@@QAEXXZ)
GoToOrthogonalPointTest.obj : error LNK2019: unresolved external symbol "public: virtual bool __thiscall GoToOrthogonalPointAI::execute(class LivingObject *,float)" (?execute@GoToOrthogonalPointAI@@UAE_NPAVLivingObject@@M@Z) referenced in function "public: void __thiscall UnitTests::GoToOrthogonalPointAITests::XFirst(void)" (?XFirst@GoToOrthogonalPointAITests@UnitTests@@QAEXXZ)
GoToOrthogonalPointTest.obj : error LNK2019: unresolved external symbol "public: __thiscall LivingObject::LivingObject(class std::basic_string<char,struct std::char_traits<char>,class std::allocator<char> >,enum TextureType,class Vector2f,class Vector2f,int,int)" (??0LivingObject@@QAE@V?$basic_string@DU?$char_traits@D@std@@V?$allocator@D@2@@std@@W4TextureType@@VVector2f@@2HH@Z) referenced in function "public: void __thiscall UnitTests::GoToOrthogonalPointAITests::XFirst(void)" (?XFirst@GoToOrthogonalPointAITests@UnitTests@@QAEXXZ)
FollowAITests.obj : error LNK2001: unresolved external symbol "public: __thiscall LivingObject::LivingObject(class std::basic_string<char,struct std::char_traits<char>,class std::allocator<char> >,enum TextureType,class Vector2f,class Vector2f,int,int)" (??0LivingObject@@QAE@V?$basic_string@DU?$char_traits@D@std@@V?$allocator@D@2@@std@@W4TextureType@@VVector2f@@2HH@Z)
RunAwayAITest.obj : error LNK2001: unresolved external symbol "public: __thiscall LivingObject::LivingObject(class std::basic_string<char,struct std::char_traits<char>,class std::allocator<char> >,enum TextureType,class Vector2f,class Vector2f,int,int)" (??0LivingObject@@QAE@V?$basic_string@DU?$char_traits@D@std@@V?$allocator@D@2@@std@@W4TextureType@@VVector2f@@2HH@Z)
unittest1.obj : error LNK2001: unresolved external symbol "public: __thiscall LivingObject::LivingObject(class std::basic_string<char,struct std::char_traits<char>,class std::allocator<char> >,enum TextureType,class Vector2f,class Vector2f,int,int)" (??0LivingObject@@QAE@V?$basic_string@DU?$char_traits@D@std@@V?$allocator@D@2@@std@@W4TextureType@@VVector2f@@2HH@Z)
GoToOrthogonalPointTest.obj : error LNK2019: unresolved external symbol "public: __thiscall LivingObject::~LivingObject(void)" (??1LivingObject@@QAE@XZ) referenced in function "public: void __thiscall UnitTests::GoToOrthogonalPointAITests::XFirst(void)" (?XFirst@GoToOrthogonalPointAITests@UnitTests@@QAEXXZ)
FollowAITests.obj : error LNK2001: unresolved external symbol "public: __thiscall LivingObject::~LivingObject(void)" (??1LivingObject@@QAE@XZ)
RunAwayAITest.obj : error LNK2001: unresolved external symbol "public: __thiscall LivingObject::~LivingObject(void)" (??1LivingObject@@QAE@XZ)
unittest1.obj : error LNK2001: unresolved external symbol "public: __thiscall LivingObject::~LivingObject(void)" (??1LivingObject@@QAE@XZ)
FollowAITests.obj : error LNK2019: unresolved external symbol "public: __thiscall FollowAI::FollowAI(class LivingObject *)" (??0FollowAI@@QAE@PAVLivingObject@@@Z) referenced in function "public: void __thiscall UnitTests::RunAwayAITests::FollowClose(void)" (?FollowClose@RunAwayAITests@UnitTests@@QAEXXZ)
FollowAITests.obj : error LNK2019: unresolved external symbol "public: __thiscall FollowAI::~FollowAI(void)" (??1FollowAI@@QAE@XZ) referenced in function "public: void __thiscall UnitTests::RunAwayAITests::FollowClose(void)" (?FollowClose@RunAwayAITests@UnitTests@@QAEXXZ)
FollowAITests.obj : error LNK2019: unresolved external symbol "public: virtual bool __thiscall FollowAI::execute(class LivingObject *,float)" (?execute@FollowAI@@UAE_NPAVLivingObject@@M@Z) referenced in function "public: void __thiscall UnitTests::RunAwayAITests::FollowClose(void)" (?FollowClose@RunAwayAITests@UnitTests@@QAEXXZ)
FollowAITests.obj : error LNK2019: unresolved external symbol "public: float __thiscall Vector2f::distanceTo(class Vector2f &)" (?distanceTo@Vector2f@@QAEMAAV1@@Z) referenced in function "public: void __thiscall UnitTests::RunAwayAITests::FollowClose(void)" (?FollowClose@RunAwayAITests@UnitTests@@QAEXXZ)
RunAwayAITest.obj : error LNK2001: unresolved external symbol "public: float __thiscall Vector2f::distanceTo(class Vector2f &)" (?distanceTo@Vector2f@@QAEMAAV1@@Z)
RunAwayAITest.obj : error LNK2019: unresolved external symbol "public: __thiscall RunAwayAI::RunAwayAI(class LivingObject *)" (??0RunAwayAI@@QAE@PAVLivingObject@@@Z) referenced in function "public: void __thiscall UnitTests::RunAwayAITests::RunAwayClose(void)" (?RunAwayClose@RunAwayAITests@UnitTests@@QAEXXZ)
RunAwayAITest.obj : error LNK2019: unresolved external symbol "public: __thiscall RunAwayAI::~RunAwayAI(void)" (??1RunAwayAI@@QAE@XZ) referenced in function "public: void __thiscall UnitTests::RunAwayAITests::RunAwayClose(void)" (?RunAwayClose@RunAwayAITests@UnitTests@@QAEXXZ)
RunAwayAITest.obj : error LNK2019: unresolved external symbol "public: virtual bool __thiscall RunAwayAI::execute(class LivingObject *,float)" (?execute@RunAwayAI@@UAE_NPAVLivingObject@@M@Z) referenced in function "public: void __thiscall UnitTests::RunAwayAITests::RunAwayClose(void)" (?RunAwayClose@RunAwayAITests@UnitTests@@QAEXXZ)
CollisionUtilTests.obj : error LNK2019: unresolved external symbol "public: static bool __cdecl CollisionUtil::collide(class CircleHitbox &,class CircleHitbox &)" (?collide@CollisionUtil@@SA_NAAVCircleHitbox@@0@Z) referenced in function "public: void __thiscall UnitTests::CollisionUtilTests::CircCircCollide(void)" (?CircCircCollide@CollisionUtilTests@UnitTests@@QAEXXZ)
CollisionUtilTests.obj : error LNK2019: unresolved external symbol "public: static bool __cdecl CollisionUtil::collide(class RectHitbox &,class RectHitbox &)" (?collide@CollisionUtil@@SA_NAAVRectHitbox@@0@Z) referenced in function "public: void __thiscall UnitTests::CollisionUtilTests::RectRectCollide(void)" (?RectRectCollide@CollisionUtilTests@UnitTests@@QAEXXZ)
CollisionUtilTests.obj : error LNK2019: unresolved external symbol "public: static bool __cdecl CollisionUtil::collide(class ComplexHitbox &,class ComplexHitbox &)" (?collide@CollisionUtil@@SA_NAAVComplexHitbox@@0@Z) referenced in function "public: void __thiscall UnitTests::CollisionUtilTests::CompCompCollide(void)" (?CompCompCollide@CollisionUtilTests@UnitTests@@QAEXXZ)
CollisionUtilTests.obj : error LNK2019: unresolved external symbol "public: __thiscall ComplexHitbox::ComplexHitbox(class ComplexPolygon *,class Vector2f)" (??0ComplexHitbox@@QAE@PAVComplexPolygon@@VVector2f@@@Z) referenced in function "public: void __thiscall UnitTests::CollisionUtilTests::CompCompCollide(void)" (?CompCompCollide@CollisionUtilTests@UnitTests@@QAEXXZ)
CollisionUtilTests.obj : error LNK2019: unresolved external symbol "public: __thiscall ComplexHitbox::~ComplexHitbox(void)" (??1ComplexHitbox@@QAE@XZ) referenced in function "public: void __thiscall UnitTests::CollisionUtilTests::CompCompCollide(void)" (?CompCompCollide@CollisionUtilTests@UnitTests@@QAEXXZ)
CollisionUtilTests.obj : error LNK2019: unresolved external symbol "public: virtual void __thiscall ComplexHitbox::updatePos(class Vector2f)" (?updatePos@ComplexHitbox@@UAEXVVector2f@@@Z) referenced in function "public: void __thiscall UnitTests::CollisionUtilTests::CompCompNoCollide(void)" (?CompCompNoCollide@CollisionUtilTests@UnitTests@@QAEXXZ)
CollisionUtilTests.obj : error LNK2019: unresolved external symbol "public: __thiscall Rect::Rect(class Vector2f,class Vector2f)" (??0Rect@@QAE@VVector2f@@0@Z) referenced in function "public: void __thiscall UnitTests::CollisionUtilTests::RectRectCollide(void)" (?RectRectCollide@CollisionUtilTests@UnitTests@@QAEXXZ)
CollisionUtilTests.obj : error LNK2019: unresolved external symbol "public: __thiscall RectHitbox::RectHitbox(class Rect,class Vector2f)" (??0RectHitbox@@QAE@VRect@@VVector2f@@@Z) referenced in function "public: void __thiscall UnitTests::CollisionUtilTests::RectRectCollide(void)" (?RectRectCollide@CollisionUtilTests@UnitTests@@QAEXXZ)
CollisionUtilTests.obj : error LNK2019: unresolved external symbol "public: __thiscall RectHitbox::~RectHitbox(void)" (??1RectHitbox@@QAE@XZ) referenced in function "public: void __thiscall UnitTests::CollisionUtilTests::RectRectCollide(void)" (?RectRectCollide@CollisionUtilTests@UnitTests@@QAEXXZ)
CollisionUtilTests.obj : error LNK2019: unresolved external symbol "public: __thiscall Circle::Circle(class Vector2f &,float)" (??0Circle@@QAE@AAVVector2f@@M@Z) referenced in function "public: void __thiscall UnitTests::CollisionUtilTests::CircCircCollide(void)" (?CircCircCollide@CollisionUtilTests@UnitTests@@QAEXXZ)
CollisionUtilTests.obj : error LNK2019: unresolved external symbol "public: __thiscall CircleHitbox::CircleHitbox(class Circle,class Vector2f)" (??0CircleHitbox@@QAE@VCircle@@VVector2f@@@Z) referenced in function "public: void __thiscall UnitTests::CollisionUtilTests::CircCircCollide(void)" (?CircCircCollide@CollisionUtilTests@UnitTests@@QAEXXZ)
CollisionUtilTests.obj : error LNK2019: unresolved external symbol "public: __thiscall CircleHitbox::~CircleHitbox(void)" (??1CircleHitbox@@QAE@XZ) referenced in function "public: void __thiscall UnitTests::CollisionUtilTests::CircCircCollide(void)" (?CircCircCollide@CollisionUtilTests@UnitTests@@QAEXXZ)
unittest1.obj : error LNK2019: unresolved external symbol "public: __thiscall GoToPointAI::GoToPointAI(class Vector2f)" (??0GoToPointAI@@QAE@VVector2f@@@Z) referenced in function "public: void __thiscall UnitTests::GoToPointAITests::TestMethod1(void)" (?TestMethod1@GoToPointAITests@UnitTests@@QAEXXZ)
unittest1.obj : error LNK2019: unresolved external symbol "public: __thiscall GoToPointAI::~GoToPointAI(void)" (??1GoToPointAI@@QAE@XZ) referenced in function "public: void __thiscall UnitTests::GoToPointAITests::TestMethod1(void)" (?TestMethod1@GoToPointAITests@UnitTests@@QAEXXZ)
unittest1.obj : error LNK2019: unresolved external symbol "public: virtual bool __thiscall GoToPointAI::execute(class LivingObject *,float)" (?execute@GoToPointAI@@UAE_NPAVLivingObject@@M@Z) referenced in function "public: void __thiscall UnitTests::GoToPointAITests::TestMethod1(void)" (?TestMethod1@GoToPointAITests@UnitTests@@QAEXXZ)
C:\Users\moormaet\Documents\GitHub\Game\GameEngine\Debug\UnitTests.dll : fatal error LNK1120: 36 unresolved externals
